  Prefix.cpp
C:\Program Files\Microsoft Visual Studio\2022\Community\VC\Tools\MSVC\14.39.33519\include\algorithm(7833,17): error C2678: бинарный "=": не найден оператор, принимающий левый операнд типа "const std::basic_string<char,std::char_traits<char>,std::allocator<char>>" (или приемлемое преобразование отсутствует)
  (компиляция исходного файла "Prefix.cpp")
  C:\Program Files\Microsoft Visual Studio\2022\Community\VC\Tools\MSVC\14.39.33519\include\xstring(3247,32):
  может быть "std::basic_string<char,std::char_traits<char>,std::allocator<char>> &std::basic_string<char,std::char_traits<char>,std::allocator<char>>::operator =(const _Elem)"
          with
          [
              _Elem=char
          ]
  	C:\Program Files\Microsoft Visual Studio\2022\Community\VC\Tools\MSVC\14.39.33519\include\algorithm(7833,17):
  	std::basic_string<char,std::char_traits<char>,std::allocator<char>> &std::basic_string<char,std::char_traits<char>,std::allocator<char>>::operator =(const _Elem): невозможно преобразовать указатель "this" из "const std::basic_string<char,std::char_traits<char>,std::allocator<char>>" в "std::basic_string<char,std::char_traits<char>,std::allocator<char>> &"
          with
          [
              _Elem=char
          ]
  		C:\Program Files\Microsoft Visual Studio\2022\Community\VC\Tools\MSVC\14.39.33519\include\algorithm(7833,17):
  		В результате преобразования теряются квалификаторы
  C:\Program Files\Microsoft Visual Studio\2022\Community\VC\Tools\MSVC\14.39.33519\include\xstring(3239,32):
  или       "std::basic_string<char,std::char_traits<char>,std::allocator<char>> &std::basic_string<char,std::char_traits<char>,std::allocator<char>>::operator =(const _Elem *const )"
          with
          [
              _Elem=char
          ]
  	C:\Program Files\Microsoft Visual Studio\2022\Community\VC\Tools\MSVC\14.39.33519\include\algorithm(7833,17):
  	std::basic_string<char,std::char_traits<char>,std::allocator<char>> &std::basic_string<char,std::char_traits<char>,std::allocator<char>>::operator =(const _Elem *const ): невозможно преобразовать указатель "this" из "const std::basic_string<char,std::char_traits<char>,std::allocator<char>>" в "std::basic_string<char,std::char_traits<char>,std::allocator<char>> &"
          with
          [
              _Elem=char
          ]
  		C:\Program Files\Microsoft Visual Studio\2022\Community\VC\Tools\MSVC\14.39.33519\include\algorithm(7833,17):
  		В результате преобразования теряются квалификаторы
  C:\Program Files\Microsoft Visual Studio\2022\Community\VC\Tools\MSVC\14.39.33519\include\xstring(3188,32):
  или       "std::basic_string<char,std::char_traits<char>,std::allocator<char>> &std::basic_string<char,std::char_traits<char>,std::allocator<char>>::operator =(const std::basic_string<char,std::char_traits<char>,std::allocator<char>> &)"
  	C:\Program Files\Microsoft Visual Studio\2022\Community\VC\Tools\MSVC\14.39.33519\include\algorithm(7833,17):
  	std::basic_string<char,std::char_traits<char>,std::allocator<char>> &std::basic_string<char,std::char_traits<char>,std::allocator<char>>::operator =(const std::basic_string<char,std::char_traits<char>,std::allocator<char>> &): невозможно преобразовать указатель "this" из "const std::basic_string<char,std::char_traits<char>,std::allocator<char>>" в "std::basic_string<char,std::char_traits<char>,std::allocator<char>> &"
  		C:\Program Files\Microsoft Visual Studio\2022\Community\VC\Tools\MSVC\14.39.33519\include\algorithm(7833,17):
  		В результате преобразования теряются квалификаторы
  C:\Program Files\Microsoft Visual Studio\2022\Community\VC\Tools\MSVC\14.39.33519\include\xstring(3139,32):
  или       "std::basic_string<char,std::char_traits<char>,std::allocator<char>> &std::basic_string<char,std::char_traits<char>,std::allocator<char>>::operator =(std::initializer_list<_Elem>)"
          with
          [
              _Elem=char
          ]
  	C:\Program Files\Microsoft Visual Studio\2022\Community\VC\Tools\MSVC\14.39.33519\include\algorithm(7833,17):
  	std::basic_string<char,std::char_traits<char>,std::allocator<char>> &std::basic_string<char,std::char_traits<char>,std::allocator<char>>::operator =(std::initializer_list<_Elem>): невозможно преобразовать указатель "this" из "const std::basic_string<char,std::char_traits<char>,std::allocator<char>>" в "std::basic_string<char,std::char_traits<char>,std::allocator<char>> &"
          with
          [
              _Elem=char
          ]
  		C:\Program Files\Microsoft Visual Studio\2022\Community\VC\Tools\MSVC\14.39.33519\include\algorithm(7833,17):
  		В результате преобразования теряются квалификаторы
  C:\Program Files\Microsoft Visual Studio\2022\Community\VC\Tools\MSVC\14.39.33519\include\xstring(3018,32):
  или       "std::basic_string<char,std::char_traits<char>,std::allocator<char>> &std::basic_string<char,std::char_traits<char>,std::allocator<char>>::operator =(std::basic_string<char,std::char_traits<char>,std::allocator<char>> &&) noexcept"
  	C:\Program Files\Microsoft Visual Studio\2022\Community\VC\Tools\MSVC\14.39.33519\include\algorithm(7833,17):
  	std::basic_string<char,std::char_traits<char>,std::allocator<char>> &std::basic_string<char,std::char_traits<char>,std::allocator<char>>::operator =(std::basic_string<char,std::char_traits<char>,std::allocator<char>> &&) noexcept: невозможно преобразовать указатель "this" из "const std::basic_string<char,std::char_traits<char>,std::allocator<char>>" в "std::basic_string<char,std::char_traits<char>,std::allocator<char>> &"
  		C:\Program Files\Microsoft Visual Studio\2022\Community\VC\Tools\MSVC\14.39.33519\include\algorithm(7833,17):
  		В результате преобразования теряются квалификаторы
  C:\Program Files\Microsoft Visual Studio\2022\Community\VC\Tools\MSVC\14.39.33519\include\xstring(3234,32):
  или       "std::basic_string<char,std::char_traits<char>,std::allocator<char>> &std::basic_string<char,std::char_traits<char>,std::allocator<char>>::operator =<std::string,0>(const _StringViewIsh &)"
          with
          [
              _StringViewIsh=std::string
          ]
  	C:\Program Files\Microsoft Visual Studio\2022\Community\VC\Tools\MSVC\14.39.33519\include\algorithm(7833,17):
  	std::basic_string<char,std::char_traits<char>,std::allocator<char>> &std::basic_string<char,std::char_traits<char>,std::allocator<char>>::operator =<std::string,0>(const _StringViewIsh &): невозможно преобразовать указатель "this" из "const std::basic_string<char,std::char_traits<char>,std::allocator<char>>" в "std::basic_string<char,std::char_traits<char>,std::allocator<char>> &"
          with
          [
              _StringViewIsh=std::string
          ]
  		C:\Program Files\Microsoft Visual Studio\2022\Community\VC\Tools\MSVC\14.39.33519\include\algorithm(7833,17):
  		В результате преобразования теряются квалификаторы
  C:\Program Files\Microsoft Visual Studio\2022\Community\VC\Tools\MSVC\14.39.33519\include\algorithm(7833,17):
  при попытке сопоставить список аргументов "(const std::basic_string<char,std::char_traits<char>,std::allocator<char>>, std::basic_string<char,std::char_traits<char>,std::allocator<char>>)"
  C:\Program Files\Microsoft Visual Studio\2022\Community\VC\Tools\MSVC\14.39.33519\include\algorithm(7833,17):
  контекст создания экземпляра шаблона (сначала самый старый)
  	D:\VS\progs\Handbook\Handbook_CPlus\2-7-B_Prefix\Prefix.cpp(16,7):
  	выполняется компиляция ссылки на экземпляр шаблон функции "void std::sort<std::_Vector_const_iterator<std::_Vector_val<std::_Simple_types<_Ty>>>>(const _RanIt,const _RanIt)"
          with
          [
              _Ty=std::string,
              _RanIt=std::_Vector_const_iterator<std::_Vector_val<std::_Simple_types<std::string>>>
          ]
  	C:\Program Files\Microsoft Visual Studio\2022\Community\VC\Tools\MSVC\14.39.33519\include\algorithm(7991,10):
  	выполняется компиляция ссылки на экземпляр шаблон функции "void std::sort<_RanIt,std::less<void>>(const _RanIt,const _RanIt,_Pr)"
          with
          [
              _RanIt=std::_Vector_const_iterator<std::_Vector_val<std::_Simple_types<std::string>>>,
              _Pr=std::less<void>
          ]
  	C:\Program Files\Microsoft Visual Studio\2022\Community\VC\Tools\MSVC\14.39.33519\include\algorithm(7986,5):
  	выполняется компиляция ссылки на экземпляр шаблон функции "void std::_Sort_unchecked<const std::basic_string<char,std::char_traits<char>,std::allocator<char>>*,_Fn>(_RanIt,_RanIt,__int64,_Pr)"
          with
          [
              _Fn=std::less<void>,
              _RanIt=const std::basic_string<char,std::char_traits<char>,std::allocator<char>> *,
              _Pr=std::less<void>
          ]
  	C:\Program Files\Microsoft Visual Studio\2022\Community\VC\Tools\MSVC\14.39.33519\include\algorithm(7956,13):
  	выполняется компиляция ссылки на экземпляр шаблон функции "_BidIt std::_Insertion_sort_unchecked<_RanIt,_Pr>(const _BidIt,const _BidIt,_Pr)"
          with
          [
              _BidIt=const std::basic_string<char,std::char_traits<char>,std::allocator<char>> *,
              _RanIt=const std::basic_string<char,std::char_traits<char>,std::allocator<char>> *,
              _Pr=std::less<void>
          ]
  
C:\Program Files\Microsoft Visual Studio\2022\Community\VC\Tools\MSVC\14.39.33519\include\algorithm(7836,21): error C2678: бинарный "=": не найден оператор, принимающий левый операнд типа "const std::basic_string<char,std::char_traits<char>,std::allocator<char>>" (или приемлемое преобразование отсутствует)
  (компиляция исходного файла "Prefix.cpp")
  C:\Program Files\Microsoft Visual Studio\2022\Community\VC\Tools\MSVC\14.39.33519\include\xstring(3247,32):
  может быть "std::basic_string<char,std::char_traits<char>,std::allocator<char>> &std::basic_string<char,std::char_traits<char>,std::allocator<char>>::operator =(const _Elem)"
          with
          [
              _Elem=char
          ]
  	C:\Program Files\Microsoft Visual Studio\2022\Community\VC\Tools\MSVC\14.39.33519\include\algorithm(7836,21):
  	std::basic_string<char,std::char_traits<char>,std::allocator<char>> &std::basic_string<char,std::char_traits<char>,std::allocator<char>>::operator =(const _Elem): невозможно преобразовать указатель "this" из "const std::basic_string<char,std::char_traits<char>,std::allocator<char>>" в "std::basic_string<char,std::char_traits<char>,std::allocator<char>> &"
          with
          [
              _Elem=char
          ]
  		C:\Program Files\Microsoft Visual Studio\2022\Community\VC\Tools\MSVC\14.39.33519\include\algorithm(7836,21):
  		В результате преобразования теряются квалификаторы
  C:\Program Files\Microsoft Visual Studio\2022\Community\VC\Tools\MSVC\14.39.33519\include\xstring(3239,32):
  или       "std::basic_string<char,std::char_traits<char>,std::allocator<char>> &std::basic_string<char,std::char_traits<char>,std::allocator<char>>::operator =(const _Elem *const )"
          with
          [
              _Elem=char
          ]
  	C:\Program Files\Microsoft Visual Studio\2022\Community\VC\Tools\MSVC\14.39.33519\include\algorithm(7836,21):
  	std::basic_string<char,std::char_traits<char>,std::allocator<char>> &std::basic_string<char,std::char_traits<char>,std::allocator<char>>::operator =(const _Elem *const ): невозможно преобразовать указатель "this" из "const std::basic_string<char,std::char_traits<char>,std::allocator<char>>" в "std::basic_string<char,std::char_traits<char>,std::allocator<char>> &"
          with
          [
              _Elem=char
          ]
  		C:\Program Files\Microsoft Visual Studio\2022\Community\VC\Tools\MSVC\14.39.33519\include\algorithm(7836,21):
  		В результате преобразования теряются квалификаторы
  C:\Program Files\Microsoft Visual Studio\2022\Community\VC\Tools\MSVC\14.39.33519\include\xstring(3188,32):
  или       "std::basic_string<char,std::char_traits<char>,std::allocator<char>> &std::basic_string<char,std::char_traits<char>,std::allocator<char>>::operator =(const std::basic_string<char,std::char_traits<char>,std::allocator<char>> &)"
  	C:\Program Files\Microsoft Visual Studio\2022\Community\VC\Tools\MSVC\14.39.33519\include\algorithm(7836,21):
  	std::basic_string<char,std::char_traits<char>,std::allocator<char>> &std::basic_string<char,std::char_traits<char>,std::allocator<char>>::operator =(const std::basic_string<char,std::char_traits<char>,std::allocator<char>> &): невозможно преобразовать указатель "this" из "const std::basic_string<char,std::char_traits<char>,std::allocator<char>>" в "std::basic_string<char,std::char_traits<char>,std::allocator<char>> &"
  		C:\Program Files\Microsoft Visual Studio\2022\Community\VC\Tools\MSVC\14.39.33519\include\algorithm(7836,21):
  		В результате преобразования теряются квалификаторы
  C:\Program Files\Microsoft Visual Studio\2022\Community\VC\Tools\MSVC\14.39.33519\include\xstring(3139,32):
  или       "std::basic_string<char,std::char_traits<char>,std::allocator<char>> &std::basic_string<char,std::char_traits<char>,std::allocator<char>>::operator =(std::initializer_list<_Elem>)"
          with
          [
              _Elem=char
          ]
  	C:\Program Files\Microsoft Visual Studio\2022\Community\VC\Tools\MSVC\14.39.33519\include\algorithm(7836,21):
  	std::basic_string<char,std::char_traits<char>,std::allocator<char>> &std::basic_string<char,std::char_traits<char>,std::allocator<char>>::operator =(std::initializer_list<_Elem>): невозможно преобразовать указатель "this" из "const std::basic_string<char,std::char_traits<char>,std::allocator<char>>" в "std::basic_string<char,std::char_traits<char>,std::allocator<char>> &"
          with
          [
              _Elem=char
          ]
  		C:\Program Files\Microsoft Visual Studio\2022\Community\VC\Tools\MSVC\14.39.33519\include\algorithm(7836,21):
  		В результате преобразования теряются квалификаторы
  C:\Program Files\Microsoft Visual Studio\2022\Community\VC\Tools\MSVC\14.39.33519\include\xstring(3018,32):
  или       "std::basic_string<char,std::char_traits<char>,std::allocator<char>> &std::basic_string<char,std::char_traits<char>,std::allocator<char>>::operator =(std::basic_string<char,std::char_traits<char>,std::allocator<char>> &&) noexcept"
  	C:\Program Files\Microsoft Visual Studio\2022\Community\VC\Tools\MSVC\14.39.33519\include\algorithm(7836,21):
  	std::basic_string<char,std::char_traits<char>,std::allocator<char>> &std::basic_string<char,std::char_traits<char>,std::allocator<char>>::operator =(std::basic_string<char,std::char_traits<char>,std::allocator<char>> &&) noexcept: невозможно преобразовать указатель "this" из "const std::basic_string<char,std::char_traits<char>,std::allocator<char>>" в "std::basic_string<char,std::char_traits<char>,std::allocator<char>> &"
  		C:\Program Files\Microsoft Visual Studio\2022\Community\VC\Tools\MSVC\14.39.33519\include\algorithm(7836,21):
  		В результате преобразования теряются квалификаторы
  C:\Program Files\Microsoft Visual Studio\2022\Community\VC\Tools\MSVC\14.39.33519\include\xstring(3234,32):
  или       "std::basic_string<char,std::char_traits<char>,std::allocator<char>> &std::basic_string<char,std::char_traits<char>,std::allocator<char>>::operator =<std::string,0>(const _StringViewIsh &)"
          with
          [
              _StringViewIsh=std::string
          ]
  	C:\Program Files\Microsoft Visual Studio\2022\Community\VC\Tools\MSVC\14.39.33519\include\algorithm(7836,21):
  	std::basic_string<char,std::char_traits<char>,std::allocator<char>> &std::basic_string<char,std::char_traits<char>,std::allocator<char>>::operator =<std::string,0>(const _StringViewIsh &): невозможно преобразовать указатель "this" из "const std::basic_string<char,std::char_traits<char>,std::allocator<char>>" в "std::basic_string<char,std::char_traits<char>,std::allocator<char>> &"
          with
          [
              _StringViewIsh=std::string
          ]
  		C:\Program Files\Microsoft Visual Studio\2022\Community\VC\Tools\MSVC\14.39.33519\include\algorithm(7836,21):
  		В результате преобразования теряются квалификаторы
  C:\Program Files\Microsoft Visual Studio\2022\Community\VC\Tools\MSVC\14.39.33519\include\algorithm(7836,21):
  при попытке сопоставить список аргументов "(const std::basic_string<char,std::char_traits<char>,std::allocator<char>>, const std::basic_string<char,std::char_traits<char>,std::allocator<char>>)"
  
C:\Program Files\Microsoft Visual Studio\2022\Community\VC\Tools\MSVC\14.39.33519\include\algorithm(7839,17): error C2678: бинарный "=": не найден оператор, принимающий левый операнд типа "const std::basic_string<char,std::char_traits<char>,std::allocator<char>>" (или приемлемое преобразование отсутствует)
  (компиляция исходного файла "Prefix.cpp")
  C:\Program Files\Microsoft Visual Studio\2022\Community\VC\Tools\MSVC\14.39.33519\include\xstring(3247,32):
  может быть "std::basic_string<char,std::char_traits<char>,std::allocator<char>> &std::basic_string<char,std::char_traits<char>,std::allocator<char>>::operator =(const _Elem)"
          with
          [
              _Elem=char
          ]
  	C:\Program Files\Microsoft Visual Studio\2022\Community\VC\Tools\MSVC\14.39.33519\include\algorithm(7839,17):
  	std::basic_string<char,std::char_traits<char>,std::allocator<char>> &std::basic_string<char,std::char_traits<char>,std::allocator<char>>::operator =(const _Elem): невозможно преобразовать указатель "this" из "const std::basic_string<char,std::char_traits<char>,std::allocator<char>>" в "std::basic_string<char,std::char_traits<char>,std::allocator<char>> &"
          with
          [
              _Elem=char
          ]
  		C:\Program Files\Microsoft Visual Studio\2022\Community\VC\Tools\MSVC\14.39.33519\include\algorithm(7839,17):
  		В результате преобразования теряются квалификаторы
  C:\Program Files\Microsoft Visual Studio\2022\Community\VC\Tools\MSVC\14.39.33519\include\xstring(3239,32):
  или       "std::basic_string<char,std::char_traits<char>,std::allocator<char>> &std::basic_string<char,std::char_traits<char>,std::allocator<char>>::operator =(const _Elem *const )"
          with
          [
              _Elem=char
          ]
  	C:\Program Files\Microsoft Visual Studio\2022\Community\VC\Tools\MSVC\14.39.33519\include\algorithm(7839,17):
  	std::basic_string<char,std::char_traits<char>,std::allocator<char>> &std::basic_string<char,std::char_traits<char>,std::allocator<char>>::operator =(const _Elem *const ): невозможно преобразовать указатель "this" из "const std::basic_string<char,std::char_traits<char>,std::allocator<char>>" в "std::basic_string<char,std::char_traits<char>,std::allocator<char>> &"
          with
          [
              _Elem=char
          ]
  		C:\Program Files\Microsoft Visual Studio\2022\Community\VC\Tools\MSVC\14.39.33519\include\algorithm(7839,17):
  		В результате преобразования теряются квалификаторы
  C:\Program Files\Microsoft Visual Studio\2022\Community\VC\Tools\MSVC\14.39.33519\include\xstring(3188,32):
  или       "std::basic_string<char,std::char_traits<char>,std::allocator<char>> &std::basic_string<char,std::char_traits<char>,std::allocator<char>>::operator =(const std::basic_string<char,std::char_traits<char>,std::allocator<char>> &)"
  	C:\Program Files\Microsoft Visual Studio\2022\Community\VC\Tools\MSVC\14.39.33519\include\algorithm(7839,17):
  	std::basic_string<char,std::char_traits<char>,std::allocator<char>> &std::basic_string<char,std::char_traits<char>,std::allocator<char>>::operator =(const std::basic_string<char,std::char_traits<char>,std::allocator<char>> &): невозможно преобразовать указатель "this" из "const std::basic_string<char,std::char_traits<char>,std::allocator<char>>" в "std::basic_string<char,std::char_traits<char>,std::allocator<char>> &"
  		C:\Program Files\Microsoft Visual Studio\2022\Community\VC\Tools\MSVC\14.39.33519\include\algorithm(7839,17):
  		В результате преобразования теряются квалификаторы
  C:\Program Files\Microsoft Visual Studio\2022\Community\VC\Tools\MSVC\14.39.33519\include\xstring(3139,32):
  или       "std::basic_string<char,std::char_traits<char>,std::allocator<char>> &std::basic_string<char,std::char_traits<char>,std::allocator<char>>::operator =(std::initializer_list<_Elem>)"
          with
          [
              _Elem=char
          ]
  	C:\Program Files\Microsoft Visual Studio\2022\Community\VC\Tools\MSVC\14.39.33519\include\algorithm(7839,17):
  	std::basic_string<char,std::char_traits<char>,std::allocator<char>> &std::basic_string<char,std::char_traits<char>,std::allocator<char>>::operator =(std::initializer_list<_Elem>): невозможно преобразовать указатель "this" из "const std::basic_string<char,std::char_traits<char>,std::allocator<char>>" в "std::basic_string<char,std::char_traits<char>,std::allocator<char>> &"
          with
          [
              _Elem=char
          ]
  		C:\Program Files\Microsoft Visual Studio\2022\Community\VC\Tools\MSVC\14.39.33519\include\algorithm(7839,17):
  		В результате преобразования теряются квалификаторы
  C:\Program Files\Microsoft Visual Studio\2022\Community\VC\Tools\MSVC\14.39.33519\include\xstring(3018,32):
  или       "std::basic_string<char,std::char_traits<char>,std::allocator<char>> &std::basic_string<char,std::char_traits<char>,std::allocator<char>>::operator =(std::basic_string<char,std::char_traits<char>,std::allocator<char>> &&) noexcept"
  	C:\Program Files\Microsoft Visual Studio\2022\Community\VC\Tools\MSVC\14.39.33519\include\algorithm(7839,17):
  	std::basic_string<char,std::char_traits<char>,std::allocator<char>> &std::basic_string<char,std::char_traits<char>,std::allocator<char>>::operator =(std::basic_string<char,std::char_traits<char>,std::allocator<char>> &&) noexcept: невозможно преобразовать указатель "this" из "const std::basic_string<char,std::char_traits<char>,std::allocator<char>>" в "std::basic_string<char,std::char_traits<char>,std::allocator<char>> &"
  		C:\Program Files\Microsoft Visual Studio\2022\Community\VC\Tools\MSVC\14.39.33519\include\algorithm(7839,17):
  		В результате преобразования теряются квалификаторы
  C:\Program Files\Microsoft Visual Studio\2022\Community\VC\Tools\MSVC\14.39.33519\include\xstring(3234,32):
  или       "std::basic_string<char,std::char_traits<char>,std::allocator<char>> &std::basic_string<char,std::char_traits<char>,std::allocator<char>>::operator =<std::string,0>(const _StringViewIsh &)"
          with
          [
              _StringViewIsh=std::string
          ]
  	C:\Program Files\Microsoft Visual Studio\2022\Community\VC\Tools\MSVC\14.39.33519\include\algorithm(7839,17):
  	std::basic_string<char,std::char_traits<char>,std::allocator<char>> &std::basic_string<char,std::char_traits<char>,std::allocator<char>>::operator =<std::string,0>(const _StringViewIsh &): невозможно преобразовать указатель "this" из "const std::basic_string<char,std::char_traits<char>,std::allocator<char>>" в "std::basic_string<char,std::char_traits<char>,std::allocator<char>> &"
          with
          [
              _StringViewIsh=std::string
          ]
  		C:\Program Files\Microsoft Visual Studio\2022\Community\VC\Tools\MSVC\14.39.33519\include\algorithm(7839,17):
  		В результате преобразования теряются квалификаторы
  C:\Program Files\Microsoft Visual Studio\2022\Community\VC\Tools\MSVC\14.39.33519\include\algorithm(7839,17):
  при попытке сопоставить список аргументов "(const std::basic_string<char,std::char_traits<char>,std::allocator<char>>, std::basic_string<char,std::char_traits<char>,std::allocator<char>>)"
  
C:\Program Files\Microsoft Visual Studio\2022\Community\VC\Tools\MSVC\14.39.33519\include\algorithm(7907,17): error C2664: "void std::swap<char,std::char_traits<char>,std::allocator<char>>(std::basic_string<char,std::char_traits<char>,std::allocator<char>> &,std::basic_string<char,std::char_traits<char>,std::allocator<char>> &) noexcept": невозможно преобразовать аргумент 1 из "const std::basic_string<char,std::char_traits<char>,std::allocator<char>>" в "std::basic_string<char,std::char_traits<char>,std::allocator<char>> &"
  (компиляция исходного файла "Prefix.cpp")
  C:\Program Files\Microsoft Visual Studio\2022\Community\VC\Tools\MSVC\14.39.33519\include\algorithm(7907,22):
  В результате преобразования теряются квалификаторы
  C:\Program Files\Microsoft Visual Studio\2022\Community\VC\Tools\MSVC\14.39.33519\include\xstring(4925,19):
   см. объявление "std::swap"
  C:\Program Files\Microsoft Visual Studio\2022\Community\VC\Tools\MSVC\14.39.33519\include\vector(2361,19):
  может быть "void std::swap(std::vector<_Ty,_Alloc> &,std::vector<_Ty,_Alloc> &) noexcept"
  	C:\Program Files\Microsoft Visual Studio\2022\Community\VC\Tools\MSVC\14.39.33519\include\algorithm(7907,17):
  	'void std::swap(std::vector<_Ty,_Alloc> &,std::vector<_Ty,_Alloc> &) noexcept': не удалось вывести аргумент шаблон для 'std::vector<_Ty,_Alloc> &' из 'const std::basic_string<char,std::char_traits<char>,std::allocator<char>>'
  C:\Program Files\Microsoft Visual Studio\2022\Community\VC\Tools\MSVC\14.39.33519\include\memory(3465,19):
  или       "void std::swap(std::unique_ptr<_Ty,_Dx> &,std::unique_ptr<_Ty,_Dx> &) noexcept"
  	C:\Program Files\Microsoft Visual Studio\2022\Community\VC\Tools\MSVC\14.39.33519\include\algorithm(7907,17):
  	'void std::swap(std::unique_ptr<_Ty,_Dx> &,std::unique_ptr<_Ty,_Dx> &) noexcept': не удалось вывести аргумент шаблон для 'std::unique_ptr<_Ty,_Dx> &' из 'const std::basic_string<char,std::char_traits<char>,std::allocator<char>>'
  C:\Program Files\Microsoft Visual Studio\2022\Community\VC\Tools\MSVC\14.39.33519\include\memory(3085,6):
  или       "void std::swap(std::weak_ptr<_Ty> &,std::weak_ptr<_Ty> &) noexcept"
  	C:\Program Files\Microsoft Visual Studio\2022\Community\VC\Tools\MSVC\14.39.33519\include\algorithm(7907,17):
  	'void std::swap(std::weak_ptr<_Ty> &,std::weak_ptr<_Ty> &) noexcept': не удалось вывести аргумент шаблон для 'std::weak_ptr<_Ty> &' из 'const std::basic_string<char,std::char_traits<char>,std::allocator<char>>'
  C:\Program Files\Microsoft Visual Studio\2022\Community\VC\Tools\MSVC\14.39.33519\include\memory(1952,6):
  или       "void std::swap(std::shared_ptr<_Ty> &,std::shared_ptr<_Ty> &) noexcept"
  	C:\Program Files\Microsoft Visual Studio\2022\Community\VC\Tools\MSVC\14.39.33519\include\algorithm(7907,17):
  	'void std::swap(std::shared_ptr<_Ty> &,std::shared_ptr<_Ty> &) noexcept': не удалось вывести аргумент шаблон для 'std::shared_ptr<_Ty> &' из 'const std::basic_string<char,std::char_traits<char>,std::allocator<char>>'
  C:\Program Files\Microsoft Visual Studio\2022\Community\VC\Tools\MSVC\14.39.33519\include\tuple(915,19):
  или       "void std::swap(std::tuple<_Types...> &,std::tuple<_Types...> &) noexcept(<expr>)"
  	C:\Program Files\Microsoft Visual Studio\2022\Community\VC\Tools\MSVC\14.39.33519\include\algorithm(7907,17):
  	'void std::swap(std::tuple<_Types...> &,std::tuple<_Types...> &) noexcept(<expr>)': не удалось вывести аргумент шаблон для 'std::tuple<_Types...> &' из 'const std::basic_string<char,std::char_traits<char>,std::allocator<char>>'
  C:\Program Files\Microsoft Visual Studio\2022\Community\VC\Tools\MSVC\14.39.33519\include\utility(476,19):
  или       "void std::swap(std::pair<_Ty1,_Ty2> &,std::pair<_Ty1,_Ty2> &) noexcept(<expr>)"
  	C:\Program Files\Microsoft Visual Studio\2022\Community\VC\Tools\MSVC\14.39.33519\include\algorithm(7907,17):
  	'void std::swap(std::pair<_Ty1,_Ty2> &,std::pair<_Ty1,_Ty2> &) noexcept(<expr>)': не удалось вывести аргумент шаблон для 'std::pair<_Ty1,_Ty2> &' из 'const std::basic_string<char,std::char_traits<char>,std::allocator<char>>'
  C:\Program Files\Microsoft Visual Studio\2022\Community\VC\Tools\MSVC\14.39.33519\include\type_traits(2131,19):
  или       "void std::swap(_Ty (&)[_Size],_Ty (&)[_Size]) noexcept(<expr>)"
  	C:\Program Files\Microsoft Visual Studio\2022\Community\VC\Tools\MSVC\14.39.33519\include\algorithm(7907,17):
  	'void std::swap(_Ty (&)[_Size],_Ty (&)[_Size]) noexcept(<expr>)': не удалось вывести аргумент шаблон для '_Ty (&)[_Size]' из 'const std::basic_string<char,std::char_traits<char>,std::allocator<char>>'
  C:\Program Files\Microsoft Visual Studio\2022\Community\VC\Tools\MSVC\14.39.33519\include\type_traits(2128,19):
  или       "void std::swap(_Ty &,_Ty &) noexcept(<expr>)"
  	C:\Program Files\Microsoft Visual Studio\2022\Community\VC\Tools\MSVC\14.39.33519\include\algorithm(7907,17):
  	"void std::swap(_Ty &,_Ty &) noexcept(<expr>)": не удается вывести аргумент шаблон для "__formal"
  		C:\Program Files\Microsoft Visual Studio\2022\Community\VC\Tools\MSVC\14.39.33519\include\type_traits(2124,34):
  		"std::enable_if_t<false,int>": не удалось специализировать шаблон псевдонима
  C:\Program Files\Microsoft Visual Studio\2022\Community\VC\Tools\MSVC\14.39.33519\include\algorithm(7907,17):
  при попытке сопоставить список аргументов "(const std::basic_string<char,std::char_traits<char>,std::allocator<char>>, const std::basic_string<char,std::char_traits<char>,std::allocator<char>>)"
  C:\Program Files\Microsoft Visual Studio\2022\Community\VC\Tools\MSVC\14.39.33519\include\algorithm(7907,17):
  контекст создания экземпляра шаблона (сначала самый старый)
  	C:\Program Files\Microsoft Visual Studio\2022\Community\VC\Tools\MSVC\14.39.33519\include\algorithm(7967,21):
  	выполняется компиляция ссылки на экземпляр шаблон функции "std::pair<_RanIt,_RanIt> std::_Partition_by_median_guess_unchecked<_RanIt,_Pr>(_RanIt,_RanIt,_Pr)"
          with
          [
              _RanIt=const std::basic_string<char,std::char_traits<char>,std::allocator<char>> *,
              _Pr=std::less<void>
          ]
  
C:\Program Files\Microsoft Visual Studio\2022\Community\VC\Tools\MSVC\14.39.33519\include\algorithm(7921,17): error C2664: "void std::swap<char,std::char_traits<char>,std::allocator<char>>(std::basic_string<char,std::char_traits<char>,std::allocator<char>> &,std::basic_string<char,std::char_traits<char>,std::allocator<char>> &) noexcept": невозможно преобразовать аргумент 1 из "const std::basic_string<char,std::char_traits<char>,std::allocator<char>>" в "std::basic_string<char,std::char_traits<char>,std::allocator<char>> &"
  (компиляция исходного файла "Prefix.cpp")
  C:\Program Files\Microsoft Visual Studio\2022\Community\VC\Tools\MSVC\14.39.33519\include\algorithm(7921,22):
  В результате преобразования теряются квалификаторы
  C:\Program Files\Microsoft Visual Studio\2022\Community\VC\Tools\MSVC\14.39.33519\include\xstring(4925,19):
   см. объявление "std::swap"
  C:\Program Files\Microsoft Visual Studio\2022\Community\VC\Tools\MSVC\14.39.33519\include\vector(2361,19):
  может быть "void std::swap(std::vector<_Ty,_Alloc> &,std::vector<_Ty,_Alloc> &) noexcept"
  	C:\Program Files\Microsoft Visual Studio\2022\Community\VC\Tools\MSVC\14.39.33519\include\algorithm(7921,17):
  	'void std::swap(std::vector<_Ty,_Alloc> &,std::vector<_Ty,_Alloc> &) noexcept': не удалось вывести аргумент шаблон для 'std::vector<_Ty,_Alloc> &' из 'const std::basic_string<char,std::char_traits<char>,std::allocator<char>>'
  C:\Program Files\Microsoft Visual Studio\2022\Community\VC\Tools\MSVC\14.39.33519\include\memory(3465,19):
  или       "void std::swap(std::unique_ptr<_Ty,_Dx> &,std::unique_ptr<_Ty,_Dx> &) noexcept"
  	C:\Program Files\Microsoft Visual Studio\2022\Community\VC\Tools\MSVC\14.39.33519\include\algorithm(7921,17):
  	'void std::swap(std::unique_ptr<_Ty,_Dx> &,std::unique_ptr<_Ty,_Dx> &) noexcept': не удалось вывести аргумент шаблон для 'std::unique_ptr<_Ty,_Dx> &' из 'const std::basic_string<char,std::char_traits<char>,std::allocator<char>>'
  C:\Program Files\Microsoft Visual Studio\2022\Community\VC\Tools\MSVC\14.39.33519\include\memory(3085,6):
  или       "void std::swap(std::weak_ptr<_Ty> &,std::weak_ptr<_Ty> &) noexcept"
  	C:\Program Files\Microsoft Visual Studio\2022\Community\VC\Tools\MSVC\14.39.33519\include\algorithm(7921,17):
  	'void std::swap(std::weak_ptr<_Ty> &,std::weak_ptr<_Ty> &) noexcept': не удалось вывести аргумент шаблон для 'std::weak_ptr<_Ty> &' из 'const std::basic_string<char,std::char_traits<char>,std::allocator<char>>'
  C:\Program Files\Microsoft Visual Studio\2022\Community\VC\Tools\MSVC\14.39.33519\include\memory(1952,6):
  или       "void std::swap(std::shared_ptr<_Ty> &,std::shared_ptr<_Ty> &) noexcept"
  	C:\Program Files\Microsoft Visual Studio\2022\Community\VC\Tools\MSVC\14.39.33519\include\algorithm(7921,17):
  	'void std::swap(std::shared_ptr<_Ty> &,std::shared_ptr<_Ty> &) noexcept': не удалось вывести аргумент шаблон для 'std::shared_ptr<_Ty> &' из 'const std::basic_string<char,std::char_traits<char>,std::allocator<char>>'
  C:\Program Files\Microsoft Visual Studio\2022\Community\VC\Tools\MSVC\14.39.33519\include\tuple(915,19):
  или       "void std::swap(std::tuple<_Types...> &,std::tuple<_Types...> &) noexcept(<expr>)"
  	C:\Program Files\Microsoft Visual Studio\2022\Community\VC\Tools\MSVC\14.39.33519\include\algorithm(7921,17):
  	'void std::swap(std::tuple<_Types...> &,std::tuple<_Types...> &) noexcept(<expr>)': не удалось вывести аргумент шаблон для 'std::tuple<_Types...> &' из 'const std::basic_string<char,std::char_traits<char>,std::allocator<char>>'
  C:\Program Files\Microsoft Visual Studio\2022\Community\VC\Tools\MSVC\14.39.33519\include\utility(476,19):
  или       "void std::swap(std::pair<_Ty1,_Ty2> &,std::pair<_Ty1,_Ty2> &) noexcept(<expr>)"
  	C:\Program Files\Microsoft Visual Studio\2022\Community\VC\Tools\MSVC\14.39.33519\include\algorithm(7921,17):
  	'void std::swap(std::pair<_Ty1,_Ty2> &,std::pair<_Ty1,_Ty2> &) noexcept(<expr>)': не удалось вывести аргумент шаблон для 'std::pair<_Ty1,_Ty2> &' из 'const std::basic_string<char,std::char_traits<char>,std::allocator<char>>'
  C:\Program Files\Microsoft Visual Studio\2022\Community\VC\Tools\MSVC\14.39.33519\include\type_traits(2131,19):
  или       "void std::swap(_Ty (&)[_Size],_Ty (&)[_Size]) noexcept(<expr>)"
  	C:\Program Files\Microsoft Visual Studio\2022\Community\VC\Tools\MSVC\14.39.33519\include\algorithm(7921,17):
  	'void std::swap(_Ty (&)[_Size],_Ty (&)[_Size]) noexcept(<expr>)': не удалось вывести аргумент шаблон для '_Ty (&)[_Size]' из 'const std::basic_string<char,std::char_traits<char>,std::allocator<char>>'
  C:\Program Files\Microsoft Visual Studio\2022\Community\VC\Tools\MSVC\14.39.33519\include\type_traits(2128,19):
  или       "void std::swap(_Ty &,_Ty &) noexcept(<expr>)"
  	C:\Program Files\Microsoft Visual Studio\2022\Community\VC\Tools\MSVC\14.39.33519\include\algorithm(7921,17):
  	"void std::swap(_Ty &,_Ty &) noexcept(<expr>)": не удается вывести аргумент шаблон для "__formal"
  		C:\Program Files\Microsoft Visual Studio\2022\Community\VC\Tools\MSVC\14.39.33519\include\type_traits(2124,34):
  		"std::enable_if_t<false,int>": не удалось специализировать шаблон псевдонима
  C:\Program Files\Microsoft Visual Studio\2022\Community\VC\Tools\MSVC\14.39.33519\include\algorithm(7921,17):
  при попытке сопоставить список аргументов "(const std::basic_string<char,std::char_traits<char>,std::allocator<char>>, const std::basic_string<char,std::char_traits<char>,std::allocator<char>>)"
  
C:\Program Files\Microsoft Visual Studio\2022\Community\VC\Tools\MSVC\14.39.33519\include\algorithm(7931,17): error C2664: "void std::swap<char,std::char_traits<char>,std::allocator<char>>(std::basic_string<char,std::char_traits<char>,std::allocator<char>> &,std::basic_string<char,std::char_traits<char>,std::allocator<char>> &) noexcept": невозможно преобразовать аргумент 1 из "const std::basic_string<char,std::char_traits<char>,std::allocator<char>>" в "std::basic_string<char,std::char_traits<char>,std::allocator<char>> &"
  (компиляция исходного файла "Prefix.cpp")
  C:\Program Files\Microsoft Visual Studio\2022\Community\VC\Tools\MSVC\14.39.33519\include\algorithm(7931,22):
  В результате преобразования теряются квалификаторы
  C:\Program Files\Microsoft Visual Studio\2022\Community\VC\Tools\MSVC\14.39.33519\include\xstring(4925,19):
   см. объявление "std::swap"
  C:\Program Files\Microsoft Visual Studio\2022\Community\VC\Tools\MSVC\14.39.33519\include\vector(2361,19):
  может быть "void std::swap(std::vector<_Ty,_Alloc> &,std::vector<_Ty,_Alloc> &) noexcept"
  	C:\Program Files\Microsoft Visual Studio\2022\Community\VC\Tools\MSVC\14.39.33519\include\algorithm(7931,17):
  	'void std::swap(std::vector<_Ty,_Alloc> &,std::vector<_Ty,_Alloc> &) noexcept': не удалось вывести аргумент шаблон для 'std::vector<_Ty,_Alloc> &' из 'const std::basic_string<char,std::char_traits<char>,std::allocator<char>>'
  C:\Program Files\Microsoft Visual Studio\2022\Community\VC\Tools\MSVC\14.39.33519\include\memory(3465,19):
  или       "void std::swap(std::unique_ptr<_Ty,_Dx> &,std::unique_ptr<_Ty,_Dx> &) noexcept"
  	C:\Program Files\Microsoft Visual Studio\2022\Community\VC\Tools\MSVC\14.39.33519\include\algorithm(7931,17):
  	'void std::swap(std::unique_ptr<_Ty,_Dx> &,std::unique_ptr<_Ty,_Dx> &) noexcept': не удалось вывести аргумент шаблон для 'std::unique_ptr<_Ty,_Dx> &' из 'const std::basic_string<char,std::char_traits<char>,std::allocator<char>>'
  C:\Program Files\Microsoft Visual Studio\2022\Community\VC\Tools\MSVC\14.39.33519\include\memory(3085,6):
  или       "void std::swap(std::weak_ptr<_Ty> &,std::weak_ptr<_Ty> &) noexcept"
  	C:\Program Files\Microsoft Visual Studio\2022\Community\VC\Tools\MSVC\14.39.33519\include\algorithm(7931,17):
  	'void std::swap(std::weak_ptr<_Ty> &,std::weak_ptr<_Ty> &) noexcept': не удалось вывести аргумент шаблон для 'std::weak_ptr<_Ty> &' из 'const std::basic_string<char,std::char_traits<char>,std::allocator<char>>'
  C:\Program Files\Microsoft Visual Studio\2022\Community\VC\Tools\MSVC\14.39.33519\include\memory(1952,6):
  или       "void std::swap(std::shared_ptr<_Ty> &,std::shared_ptr<_Ty> &) noexcept"
  	C:\Program Files\Microsoft Visual Studio\2022\Community\VC\Tools\MSVC\14.39.33519\include\algorithm(7931,17):
  	'void std::swap(std::shared_ptr<_Ty> &,std::shared_ptr<_Ty> &) noexcept': не удалось вывести аргумент шаблон для 'std::shared_ptr<_Ty> &' из 'const std::basic_string<char,std::char_traits<char>,std::allocator<char>>'
  C:\Program Files\Microsoft Visual Studio\2022\Community\VC\Tools\MSVC\14.39.33519\include\tuple(915,19):
  или       "void std::swap(std::tuple<_Types...> &,std::tuple<_Types...> &) noexcept(<expr>)"
  	C:\Program Files\Microsoft Visual Studio\2022\Community\VC\Tools\MSVC\14.39.33519\include\algorithm(7931,17):
  	'void std::swap(std::tuple<_Types...> &,std::tuple<_Types...> &) noexcept(<expr>)': не удалось вывести аргумент шаблон для 'std::tuple<_Types...> &' из 'const std::basic_string<char,std::char_traits<char>,std::allocator<char>>'
  C:\Program Files\Microsoft Visual Studio\2022\Community\VC\Tools\MSVC\14.39.33519\include\utility(476,19):
  или       "void std::swap(std::pair<_Ty1,_Ty2> &,std::pair<_Ty1,_Ty2> &) noexcept(<expr>)"
  	C:\Program Files\Microsoft Visual Studio\2022\Community\VC\Tools\MSVC\14.39.33519\include\algorithm(7931,17):
  	'void std::swap(std::pair<_Ty1,_Ty2> &,std::pair<_Ty1,_Ty2> &) noexcept(<expr>)': не удалось вывести аргумент шаблон для 'std::pair<_Ty1,_Ty2> &' из 'const std::basic_string<char,std::char_traits<char>,std::allocator<char>>'
  C:\Program Files\Microsoft Visual Studio\2022\Community\VC\Tools\MSVC\14.39.33519\include\type_traits(2131,19):
  или       "void std::swap(_Ty (&)[_Size],_Ty (&)[_Size]) noexcept(<expr>)"
  	C:\Program Files\Microsoft Visual Studio\2022\Community\VC\Tools\MSVC\14.39.33519\include\algorithm(7931,17):
  	'void std::swap(_Ty (&)[_Size],_Ty (&)[_Size]) noexcept(<expr>)': не удалось вывести аргумент шаблон для '_Ty (&)[_Size]' из 'const std::basic_string<char,std::char_traits<char>,std::allocator<char>>'
  C:\Program Files\Microsoft Visual Studio\2022\Community\VC\Tools\MSVC\14.39.33519\include\type_traits(2128,19):
  или       "void std::swap(_Ty &,_Ty &) noexcept(<expr>)"
  	C:\Program Files\Microsoft Visual Studio\2022\Community\VC\Tools\MSVC\14.39.33519\include\algorithm(7931,17):
  	"void std::swap(_Ty &,_Ty &) noexcept(<expr>)": не удается вывести аргумент шаблон для "__formal"
  		C:\Program Files\Microsoft Visual Studio\2022\Community\VC\Tools\MSVC\14.39.33519\include\type_traits(2124,34):
  		"std::enable_if_t<false,int>": не удалось специализировать шаблон псевдонима
  C:\Program Files\Microsoft Visual Studio\2022\Community\VC\Tools\MSVC\14.39.33519\include\algorithm(7931,17):
  при попытке сопоставить список аргументов "(const std::basic_string<char,std::char_traits<char>,std::allocator<char>>, const std::basic_string<char,std::char_traits<char>,std::allocator<char>>)"
  
C:\Program Files\Microsoft Visual Studio\2022\Community\VC\Tools\MSVC\14.39.33519\include\algorithm(7935,13): error C2664: "void std::swap<char,std::char_traits<char>,std::allocator<char>>(std::basic_string<char,std::char_traits<char>,std::allocator<char>> &,std::basic_string<char,std::char_traits<char>,std::allocator<char>> &) noexcept": невозможно преобразовать аргумент 1 из "const std::basic_string<char,std::char_traits<char>,std::allocator<char>>" в "std::basic_string<char,std::char_traits<char>,std::allocator<char>> &"
  (компиляция исходного файла "Prefix.cpp")
  C:\Program Files\Microsoft Visual Studio\2022\Community\VC\Tools\MSVC\14.39.33519\include\algorithm(7935,18):
  В результате преобразования теряются квалификаторы
  C:\Program Files\Microsoft Visual Studio\2022\Community\VC\Tools\MSVC\14.39.33519\include\xstring(4925,19):
   см. объявление "std::swap"
  C:\Program Files\Microsoft Visual Studio\2022\Community\VC\Tools\MSVC\14.39.33519\include\vector(2361,19):
  может быть "void std::swap(std::vector<_Ty,_Alloc> &,std::vector<_Ty,_Alloc> &) noexcept"
  	C:\Program Files\Microsoft Visual Studio\2022\Community\VC\Tools\MSVC\14.39.33519\include\algorithm(7935,13):
  	'void std::swap(std::vector<_Ty,_Alloc> &,std::vector<_Ty,_Alloc> &) noexcept': не удалось вывести аргумент шаблон для 'std::vector<_Ty,_Alloc> &' из 'const std::basic_string<char,std::char_traits<char>,std::allocator<char>>'
  C:\Program Files\Microsoft Visual Studio\2022\Community\VC\Tools\MSVC\14.39.33519\include\memory(3465,19):
  или       "void std::swap(std::unique_ptr<_Ty,_Dx> &,std::unique_ptr<_Ty,_Dx> &) noexcept"
  	C:\Program Files\Microsoft Visual Studio\2022\Community\VC\Tools\MSVC\14.39.33519\include\algorithm(7935,13):
  	'void std::swap(std::unique_ptr<_Ty,_Dx> &,std::unique_ptr<_Ty,_Dx> &) noexcept': не удалось вывести аргумент шаблон для 'std::unique_ptr<_Ty,_Dx> &' из 'const std::basic_string<char,std::char_traits<char>,std::allocator<char>>'
  C:\Program Files\Microsoft Visual Studio\2022\Community\VC\Tools\MSVC\14.39.33519\include\memory(3085,6):
  или       "void std::swap(std::weak_ptr<_Ty> &,std::weak_ptr<_Ty> &) noexcept"
  	C:\Program Files\Microsoft Visual Studio\2022\Community\VC\Tools\MSVC\14.39.33519\include\algorithm(7935,13):
  	'void std::swap(std::weak_ptr<_Ty> &,std::weak_ptr<_Ty> &) noexcept': не удалось вывести аргумент шаблон для 'std::weak_ptr<_Ty> &' из 'const std::basic_string<char,std::char_traits<char>,std::allocator<char>>'
  C:\Program Files\Microsoft Visual Studio\2022\Community\VC\Tools\MSVC\14.39.33519\include\memory(1952,6):
  или       "void std::swap(std::shared_ptr<_Ty> &,std::shared_ptr<_Ty> &) noexcept"
  	C:\Program Files\Microsoft Visual Studio\2022\Community\VC\Tools\MSVC\14.39.33519\include\algorithm(7935,13):
  	'void std::swap(std::shared_ptr<_Ty> &,std::shared_ptr<_Ty> &) noexcept': не удалось вывести аргумент шаблон для 'std::shared_ptr<_Ty> &' из 'const std::basic_string<char,std::char_traits<char>,std::allocator<char>>'
  C:\Program Files\Microsoft Visual Studio\2022\Community\VC\Tools\MSVC\14.39.33519\include\tuple(915,19):
  или       "void std::swap(std::tuple<_Types...> &,std::tuple<_Types...> &) noexcept(<expr>)"
  	C:\Program Files\Microsoft Visual Studio\2022\Community\VC\Tools\MSVC\14.39.33519\include\algorithm(7935,13):
  	'void std::swap(std::tuple<_Types...> &,std::tuple<_Types...> &) noexcept(<expr>)': не удалось вывести аргумент шаблон для 'std::tuple<_Types...> &' из 'const std::basic_string<char,std::char_traits<char>,std::allocator<char>>'
  C:\Program Files\Microsoft Visual Studio\2022\Community\VC\Tools\MSVC\14.39.33519\include\utility(476,19):
  или       "void std::swap(std::pair<_Ty1,_Ty2> &,std::pair<_Ty1,_Ty2> &) noexcept(<expr>)"
  	C:\Program Files\Microsoft Visual Studio\2022\Community\VC\Tools\MSVC\14.39.33519\include\algorithm(7935,13):
  	'void std::swap(std::pair<_Ty1,_Ty2> &,std::pair<_Ty1,_Ty2> &) noexcept(<expr>)': не удалось вывести аргумент шаблон для 'std::pair<_Ty1,_Ty2> &' из 'const std::basic_string<char,std::char_traits<char>,std::allocator<char>>'
  C:\Program Files\Microsoft Visual Studio\2022\Community\VC\Tools\MSVC\14.39.33519\include\type_traits(2131,19):
  или       "void std::swap(_Ty (&)[_Size],_Ty (&)[_Size]) noexcept(<expr>)"
  	C:\Program Files\Microsoft Visual Studio\2022\Community\VC\Tools\MSVC\14.39.33519\include\algorithm(7935,13):
  	'void std::swap(_Ty (&)[_Size],_Ty (&)[_Size]) noexcept(<expr>)': не удалось вывести аргумент шаблон для '_Ty (&)[_Size]' из 'const std::basic_string<char,std::char_traits<char>,std::allocator<char>>'
  C:\Program Files\Microsoft Visual Studio\2022\Community\VC\Tools\MSVC\14.39.33519\include\type_traits(2128,19):
  или       "void std::swap(_Ty &,_Ty &) noexcept(<expr>)"
  	C:\Program Files\Microsoft Visual Studio\2022\Community\VC\Tools\MSVC\14.39.33519\include\algorithm(7935,13):
  	"void std::swap(_Ty &,_Ty &) noexcept(<expr>)": не удается вывести аргумент шаблон для "__formal"
  		C:\Program Files\Microsoft Visual Studio\2022\Community\VC\Tools\MSVC\14.39.33519\include\type_traits(2124,34):
  		"std::enable_if_t<false,int>": не удалось специализировать шаблон псевдонима
  C:\Program Files\Microsoft Visual Studio\2022\Community\VC\Tools\MSVC\14.39.33519\include\algorithm(7935,13):
  при попытке сопоставить список аргументов "(const std::basic_string<char,std::char_traits<char>,std::allocator<char>>, const std::basic_string<char,std::char_traits<char>,std::allocator<char>>)"
  
C:\Program Files\Microsoft Visual Studio\2022\Community\VC\Tools\MSVC\14.39.33519\include\algorithm(7940,17): error C2664: "void std::swap<char,std::char_traits<char>,std::allocator<char>>(std::basic_string<char,std::char_traits<char>,std::allocator<char>> &,std::basic_string<char,std::char_traits<char>,std::allocator<char>> &) noexcept": невозможно преобразовать аргумент 1 из "const std::basic_string<char,std::char_traits<char>,std::allocator<char>>" в "std::basic_string<char,std::char_traits<char>,std::allocator<char>> &"
  (компиляция исходного файла "Prefix.cpp")
  C:\Program Files\Microsoft Visual Studio\2022\Community\VC\Tools\MSVC\14.39.33519\include\algorithm(7940,22):
  В результате преобразования теряются квалификаторы
  C:\Program Files\Microsoft Visual Studio\2022\Community\VC\Tools\MSVC\14.39.33519\include\xstring(4925,19):
   см. объявление "std::swap"
  C:\Program Files\Microsoft Visual Studio\2022\Community\VC\Tools\MSVC\14.39.33519\include\vector(2361,19):
  может быть "void std::swap(std::vector<_Ty,_Alloc> &,std::vector<_Ty,_Alloc> &) noexcept"
  	C:\Program Files\Microsoft Visual Studio\2022\Community\VC\Tools\MSVC\14.39.33519\include\algorithm(7940,17):
  	'void std::swap(std::vector<_Ty,_Alloc> &,std::vector<_Ty,_Alloc> &) noexcept': не удалось вывести аргумент шаблон для 'std::vector<_Ty,_Alloc> &' из 'const std::basic_string<char,std::char_traits<char>,std::allocator<char>>'
  C:\Program Files\Microsoft Visual Studio\2022\Community\VC\Tools\MSVC\14.39.33519\include\memory(3465,19):
  или       "void std::swap(std::unique_ptr<_Ty,_Dx> &,std::unique_ptr<_Ty,_Dx> &) noexcept"
  	C:\Program Files\Microsoft Visual Studio\2022\Community\VC\Tools\MSVC\14.39.33519\include\algorithm(7940,17):
  	'void std::swap(std::unique_ptr<_Ty,_Dx> &,std::unique_ptr<_Ty,_Dx> &) noexcept': не удалось вывести аргумент шаблон для 'std::unique_ptr<_Ty,_Dx> &' из 'const std::basic_string<char,std::char_traits<char>,std::allocator<char>>'
  C:\Program Files\Microsoft Visual Studio\2022\Community\VC\Tools\MSVC\14.39.33519\include\memory(3085,6):
  или       "void std::swap(std::weak_ptr<_Ty> &,std::weak_ptr<_Ty> &) noexcept"
  	C:\Program Files\Microsoft Visual Studio\2022\Community\VC\Tools\MSVC\14.39.33519\include\algorithm(7940,17):
  	'void std::swap(std::weak_ptr<_Ty> &,std::weak_ptr<_Ty> &) noexcept': не удалось вывести аргумент шаблон для 'std::weak_ptr<_Ty> &' из 'const std::basic_string<char,std::char_traits<char>,std::allocator<char>>'
  C:\Program Files\Microsoft Visual Studio\2022\Community\VC\Tools\MSVC\14.39.33519\include\memory(1952,6):
  или       "void std::swap(std::shared_ptr<_Ty> &,std::shared_ptr<_Ty> &) noexcept"
  	C:\Program Files\Microsoft Visual Studio\2022\Community\VC\Tools\MSVC\14.39.33519\include\algorithm(7940,17):
  	'void std::swap(std::shared_ptr<_Ty> &,std::shared_ptr<_Ty> &) noexcept': не удалось вывести аргумент шаблон для 'std::shared_ptr<_Ty> &' из 'const std::basic_string<char,std::char_traits<char>,std::allocator<char>>'
  C:\Program Files\Microsoft Visual Studio\2022\Community\VC\Tools\MSVC\14.39.33519\include\tuple(915,19):
  или       "void std::swap(std::tuple<_Types...> &,std::tuple<_Types...> &) noexcept(<expr>)"
  	C:\Program Files\Microsoft Visual Studio\2022\Community\VC\Tools\MSVC\14.39.33519\include\algorithm(7940,17):
  	'void std::swap(std::tuple<_Types...> &,std::tuple<_Types...> &) noexcept(<expr>)': не удалось вывести аргумент шаблон для 'std::tuple<_Types...> &' из 'const std::basic_string<char,std::char_traits<char>,std::allocator<char>>'
  C:\Program Files\Microsoft Visual Studio\2022\Community\VC\Tools\MSVC\14.39.33519\include\utility(476,19):
  или       "void std::swap(std::pair<_Ty1,_Ty2> &,std::pair<_Ty1,_Ty2> &) noexcept(<expr>)"
  	C:\Program Files\Microsoft Visual Studio\2022\Community\VC\Tools\MSVC\14.39.33519\include\algorithm(7940,17):
  	'void std::swap(std::pair<_Ty1,_Ty2> &,std::pair<_Ty1,_Ty2> &) noexcept(<expr>)': не удалось вывести аргумент шаблон для 'std::pair<_Ty1,_Ty2> &' из 'const std::basic_string<char,std::char_traits<char>,std::allocator<char>>'
  C:\Program Files\Microsoft Visual Studio\2022\Community\VC\Tools\MSVC\14.39.33519\include\type_traits(2131,19):
  или       "void std::swap(_Ty (&)[_Size],_Ty (&)[_Size]) noexcept(<expr>)"
  	C:\Program Files\Microsoft Visual Studio\2022\Community\VC\Tools\MSVC\14.39.33519\include\algorithm(7940,17):
  	'void std::swap(_Ty (&)[_Size],_Ty (&)[_Size]) noexcept(<expr>)': не удалось вывести аргумент шаблон для '_Ty (&)[_Size]' из 'const std::basic_string<char,std::char_traits<char>,std::allocator<char>>'
  C:\Program Files\Microsoft Visual Studio\2022\Community\VC\Tools\MSVC\14.39.33519\include\type_traits(2128,19):
  или       "void std::swap(_Ty &,_Ty &) noexcept(<expr>)"
  	C:\Program Files\Microsoft Visual Studio\2022\Community\VC\Tools\MSVC\14.39.33519\include\algorithm(7940,17):
  	"void std::swap(_Ty &,_Ty &) noexcept(<expr>)": не удается вывести аргумент шаблон для "__formal"
  		C:\Program Files\Microsoft Visual Studio\2022\Community\VC\Tools\MSVC\14.39.33519\include\type_traits(2124,34):
  		"std::enable_if_t<false,int>": не удалось специализировать шаблон псевдонима
  C:\Program Files\Microsoft Visual Studio\2022\Community\VC\Tools\MSVC\14.39.33519\include\algorithm(7940,17):
  при попытке сопоставить список аргументов "(const std::basic_string<char,std::char_traits<char>,std::allocator<char>>, const std::basic_string<char,std::char_traits<char>,std::allocator<char>>)"
  
C:\Program Files\Microsoft Visual Studio\2022\Community\VC\Tools\MSVC\14.39.33519\include\algorithm(7943,13): error C2664: "void std::swap<char,std::char_traits<char>,std::allocator<char>>(std::basic_string<char,std::char_traits<char>,std::allocator<char>> &,std::basic_string<char,std::char_traits<char>,std::allocator<char>> &) noexcept": невозможно преобразовать аргумент 1 из "const std::basic_string<char,std::char_traits<char>,std::allocator<char>>" в "std::basic_string<char,std::char_traits<char>,std::allocator<char>> &"
  (компиляция исходного файла "Prefix.cpp")
  C:\Program Files\Microsoft Visual Studio\2022\Community\VC\Tools\MSVC\14.39.33519\include\algorithm(7943,18):
  В результате преобразования теряются квалификаторы
  C:\Program Files\Microsoft Visual Studio\2022\Community\VC\Tools\MSVC\14.39.33519\include\xstring(4925,19):
   см. объявление "std::swap"
  C:\Program Files\Microsoft Visual Studio\2022\Community\VC\Tools\MSVC\14.39.33519\include\vector(2361,19):
  может быть "void std::swap(std::vector<_Ty,_Alloc> &,std::vector<_Ty,_Alloc> &) noexcept"
  	C:\Program Files\Microsoft Visual Studio\2022\Community\VC\Tools\MSVC\14.39.33519\include\algorithm(7943,13):
  	'void std::swap(std::vector<_Ty,_Alloc> &,std::vector<_Ty,_Alloc> &) noexcept': не удалось вывести аргумент шаблон для 'std::vector<_Ty,_Alloc> &' из 'const std::basic_string<char,std::char_traits<char>,std::allocator<char>>'
  C:\Program Files\Microsoft Visual Studio\2022\Community\VC\Tools\MSVC\14.39.33519\include\memory(3465,19):
  или       "void std::swap(std::unique_ptr<_Ty,_Dx> &,std::unique_ptr<_Ty,_Dx> &) noexcept"
  	C:\Program Files\Microsoft Visual Studio\2022\Community\VC\Tools\MSVC\14.39.33519\include\algorithm(7943,13):
  	'void std::swap(std::unique_ptr<_Ty,_Dx> &,std::unique_ptr<_Ty,_Dx> &) noexcept': не удалось вывести аргумент шаблон для 'std::unique_ptr<_Ty,_Dx> &' из 'const std::basic_string<char,std::char_traits<char>,std::allocator<char>>'
  C:\Program Files\Microsoft Visual Studio\2022\Community\VC\Tools\MSVC\14.39.33519\include\memory(3085,6):
  или       "void std::swap(std::weak_ptr<_Ty> &,std::weak_ptr<_Ty> &) noexcept"
  	C:\Program Files\Microsoft Visual Studio\2022\Community\VC\Tools\MSVC\14.39.33519\include\algorithm(7943,13):
  	'void std::swap(std::weak_ptr<_Ty> &,std::weak_ptr<_Ty> &) noexcept': не удалось вывести аргумент шаблон для 'std::weak_ptr<_Ty> &' из 'const std::basic_string<char,std::char_traits<char>,std::allocator<char>>'
  C:\Program Files\Microsoft Visual Studio\2022\Community\VC\Tools\MSVC\14.39.33519\include\memory(1952,6):
  или       "void std::swap(std::shared_ptr<_Ty> &,std::shared_ptr<_Ty> &) noexcept"
  	C:\Program Files\Microsoft Visual Studio\2022\Community\VC\Tools\MSVC\14.39.33519\include\algorithm(7943,13):
  	'void std::swap(std::shared_ptr<_Ty> &,std::shared_ptr<_Ty> &) noexcept': не удалось вывести аргумент шаблон для 'std::shared_ptr<_Ty> &' из 'const std::basic_string<char,std::char_traits<char>,std::allocator<char>>'
  C:\Program Files\Microsoft Visual Studio\2022\Community\VC\Tools\MSVC\14.39.33519\include\tuple(915,19):
  или       "void std::swap(std::tuple<_Types...> &,std::tuple<_Types...> &) noexcept(<expr>)"
  	C:\Program Files\Microsoft Visual Studio\2022\Community\VC\Tools\MSVC\14.39.33519\include\algorithm(7943,13):
  	'void std::swap(std::tuple<_Types...> &,std::tuple<_Types...> &) noexcept(<expr>)': не удалось вывести аргумент шаблон для 'std::tuple<_Types...> &' из 'const std::basic_string<char,std::char_traits<char>,std::allocator<char>>'
  C:\Program Files\Microsoft Visual Studio\2022\Community\VC\Tools\MSVC\14.39.33519\include\utility(476,19):
  или       "void std::swap(std::pair<_Ty1,_Ty2> &,std::pair<_Ty1,_Ty2> &) noexcept(<expr>)"
  	C:\Program Files\Microsoft Visual Studio\2022\Community\VC\Tools\MSVC\14.39.33519\include\algorithm(7943,13):
  	'void std::swap(std::pair<_Ty1,_Ty2> &,std::pair<_Ty1,_Ty2> &) noexcept(<expr>)': не удалось вывести аргумент шаблон для 'std::pair<_Ty1,_Ty2> &' из 'const std::basic_string<char,std::char_traits<char>,std::allocator<char>>'
  C:\Program Files\Microsoft Visual Studio\2022\Community\VC\Tools\MSVC\14.39.33519\include\type_traits(2131,19):
  или       "void std::swap(_Ty (&)[_Size],_Ty (&)[_Size]) noexcept(<expr>)"
  	C:\Program Files\Microsoft Visual Studio\2022\Community\VC\Tools\MSVC\14.39.33519\include\algorithm(7943,13):
  	'void std::swap(_Ty (&)[_Size],_Ty (&)[_Size]) noexcept(<expr>)': не удалось вывести аргумент шаблон для '_Ty (&)[_Size]' из 'const std::basic_string<char,std::char_traits<char>,std::allocator<char>>'
  C:\Program Files\Microsoft Visual Studio\2022\Community\VC\Tools\MSVC\14.39.33519\include\type_traits(2128,19):
  или       "void std::swap(_Ty &,_Ty &) noexcept(<expr>)"
  	C:\Program Files\Microsoft Visual Studio\2022\Community\VC\Tools\MSVC\14.39.33519\include\algorithm(7943,13):
  	"void std::swap(_Ty &,_Ty &) noexcept(<expr>)": не удается вывести аргумент шаблон для "__formal"
  		C:\Program Files\Microsoft Visual Studio\2022\Community\VC\Tools\MSVC\14.39.33519\include\type_traits(2124,34):
  		"std::enable_if_t<false,int>": не удалось специализировать шаблон псевдонима
  C:\Program Files\Microsoft Visual Studio\2022\Community\VC\Tools\MSVC\14.39.33519\include\algorithm(7943,13):
  при попытке сопоставить список аргументов "(const std::basic_string<char,std::char_traits<char>,std::allocator<char>>, const std::basic_string<char,std::char_traits<char>,std::allocator<char>>)"
  
C:\Program Files\Microsoft Visual Studio\2022\Community\VC\Tools\MSVC\14.39.33519\include\algorithm(7945,13): error C2664: "void std::swap<char,std::char_traits<char>,std::allocator<char>>(std::basic_string<char,std::char_traits<char>,std::allocator<char>> &,std::basic_string<char,std::char_traits<char>,std::allocator<char>> &) noexcept": невозможно преобразовать аргумент 1 из "const std::basic_string<char,std::char_traits<char>,std::allocator<char>>" в "std::basic_string<char,std::char_traits<char>,std::allocator<char>> &"
  (компиляция исходного файла "Prefix.cpp")
  C:\Program Files\Microsoft Visual Studio\2022\Community\VC\Tools\MSVC\14.39.33519\include\algorithm(7945,18):
  В результате преобразования теряются квалификаторы
  C:\Program Files\Microsoft Visual Studio\2022\Community\VC\Tools\MSVC\14.39.33519\include\xstring(4925,19):
   см. объявление "std::swap"
  C:\Program Files\Microsoft Visual Studio\2022\Community\VC\Tools\MSVC\14.39.33519\include\vector(2361,19):
  может быть "void std::swap(std::vector<_Ty,_Alloc> &,std::vector<_Ty,_Alloc> &) noexcept"
  	C:\Program Files\Microsoft Visual Studio\2022\Community\VC\Tools\MSVC\14.39.33519\include\algorithm(7945,13):
  	'void std::swap(std::vector<_Ty,_Alloc> &,std::vector<_Ty,_Alloc> &) noexcept': не удалось вывести аргумент шаблон для 'std::vector<_Ty,_Alloc> &' из 'const std::basic_string<char,std::char_traits<char>,std::allocator<char>>'
  C:\Program Files\Microsoft Visual Studio\2022\Community\VC\Tools\MSVC\14.39.33519\include\memory(3465,19):
  или       "void std::swap(std::unique_ptr<_Ty,_Dx> &,std::unique_ptr<_Ty,_Dx> &) noexcept"
  	C:\Program Files\Microsoft Visual Studio\2022\Community\VC\Tools\MSVC\14.39.33519\include\algorithm(7945,13):
  	'void std::swap(std::unique_ptr<_Ty,_Dx> &,std::unique_ptr<_Ty,_Dx> &) noexcept': не удалось вывести аргумент шаблон для 'std::unique_ptr<_Ty,_Dx> &' из 'const std::basic_string<char,std::char_traits<char>,std::allocator<char>>'
  C:\Program Files\Microsoft Visual Studio\2022\Community\VC\Tools\MSVC\14.39.33519\include\memory(3085,6):
  или       "void std::swap(std::weak_ptr<_Ty> &,std::weak_ptr<_Ty> &) noexcept"
  	C:\Program Files\Microsoft Visual Studio\2022\Community\VC\Tools\MSVC\14.39.33519\include\algorithm(7945,13):
  	'void std::swap(std::weak_ptr<_Ty> &,std::weak_ptr<_Ty> &) noexcept': не удалось вывести аргумент шаблон для 'std::weak_ptr<_Ty> &' из 'const std::basic_string<char,std::char_traits<char>,std::allocator<char>>'
  C:\Program Files\Microsoft Visual Studio\2022\Community\VC\Tools\MSVC\14.39.33519\include\memory(1952,6):
  или       "void std::swap(std::shared_ptr<_Ty> &,std::shared_ptr<_Ty> &) noexcept"
  	C:\Program Files\Microsoft Visual Studio\2022\Community\VC\Tools\MSVC\14.39.33519\include\algorithm(7945,13):
  	'void std::swap(std::shared_ptr<_Ty> &,std::shared_ptr<_Ty> &) noexcept': не удалось вывести аргумент шаблон для 'std::shared_ptr<_Ty> &' из 'const std::basic_string<char,std::char_traits<char>,std::allocator<char>>'
  C:\Program Files\Microsoft Visual Studio\2022\Community\VC\Tools\MSVC\14.39.33519\include\tuple(915,19):
  или       "void std::swap(std::tuple<_Types...> &,std::tuple<_Types...> &) noexcept(<expr>)"
  	C:\Program Files\Microsoft Visual Studio\2022\Community\VC\Tools\MSVC\14.39.33519\include\algorithm(7945,13):
  	'void std::swap(std::tuple<_Types...> &,std::tuple<_Types...> &) noexcept(<expr>)': не удалось вывести аргумент шаблон для 'std::tuple<_Types...> &' из 'const std::basic_string<char,std::char_traits<char>,std::allocator<char>>'
  C:\Program Files\Microsoft Visual Studio\2022\Community\VC\Tools\MSVC\14.39.33519\include\utility(476,19):
  или       "void std::swap(std::pair<_Ty1,_Ty2> &,std::pair<_Ty1,_Ty2> &) noexcept(<expr>)"
  	C:\Program Files\Microsoft Visual Studio\2022\Community\VC\Tools\MSVC\14.39.33519\include\algorithm(7945,13):
  	'void std::swap(std::pair<_Ty1,_Ty2> &,std::pair<_Ty1,_Ty2> &) noexcept(<expr>)': не удалось вывести аргумент шаблон для 'std::pair<_Ty1,_Ty2> &' из 'const std::basic_string<char,std::char_traits<char>,std::allocator<char>>'
  C:\Program Files\Microsoft Visual Studio\2022\Community\VC\Tools\MSVC\14.39.33519\include\type_traits(2131,19):
  или       "void std::swap(_Ty (&)[_Size],_Ty (&)[_Size]) noexcept(<expr>)"
  	C:\Program Files\Microsoft Visual Studio\2022\Community\VC\Tools\MSVC\14.39.33519\include\algorithm(7945,13):
  	'void std::swap(_Ty (&)[_Size],_Ty (&)[_Size]) noexcept(<expr>)': не удалось вывести аргумент шаблон для '_Ty (&)[_Size]' из 'const std::basic_string<char,std::char_traits<char>,std::allocator<char>>'
  C:\Program Files\Microsoft Visual Studio\2022\Community\VC\Tools\MSVC\14.39.33519\include\type_traits(2128,19):
  или       "void std::swap(_Ty &,_Ty &) noexcept(<expr>)"
  	C:\Program Files\Microsoft Visual Studio\2022\Community\VC\Tools\MSVC\14.39.33519\include\algorithm(7945,13):
  	"void std::swap(_Ty &,_Ty &) noexcept(<expr>)": не удается вывести аргумент шаблон для "__formal"
  		C:\Program Files\Microsoft Visual Studio\2022\Community\VC\Tools\MSVC\14.39.33519\include\type_traits(2124,34):
  		"std::enable_if_t<false,int>": не удалось специализировать шаблон псевдонима
  C:\Program Files\Microsoft Visual Studio\2022\Community\VC\Tools\MSVC\14.39.33519\include\algorithm(7945,13):
  при попытке сопоставить список аргументов "(const std::basic_string<char,std::char_traits<char>,std::allocator<char>>, const std::basic_string<char,std::char_traits<char>,std::allocator<char>>)"
  
